<?xml version="1.0" encoding="UTF-8"?>
<testng-results skipped="0" failed="1" ignored="4" total="12" passed="7">
  <reporter-output>
  </reporter-output>
  <suite name="Suite" duration-ms="78312" started-at="2023-12-15T01:40:17 IST" finished-at="2023-12-15T01:41:36 IST">
    <groups>
      <group name="cucumber">
        <method signature="AbstractTestNGCucumberTests.runScenario(cucumber.api.testng.PickleEventWrapper,cucumber.api.testng.CucumberFeatureWrapper)[pri:0, instance:com.leaftaps.testcases.CreateIndividuals@130f889]" name="runScenario" class="cucumber.api.testng.AbstractTestNGCucumberTests"/>
        <method signature="AbstractTestNGCucumberTests.runScenario(cucumber.api.testng.PickleEventWrapper,cucumber.api.testng.CucumberFeatureWrapper)[pri:0, instance:com.leaftaps.testcases.DeleteIndividuals@33b37288]" name="runScenario" class="cucumber.api.testng.AbstractTestNGCucumberTests"/>
        <method signature="AbstractTestNGCucumberTests.runScenario(cucumber.api.testng.PickleEventWrapper,cucumber.api.testng.CucumberFeatureWrapper)[pri:0, instance:com.leaftaps.testcases.EditIndividuals@588df31b]" name="runScenario" class="cucumber.api.testng.AbstractTestNGCucumberTests"/>
      </group> <!-- cucumber -->
    </groups>
    <test name="Test" duration-ms="78312" started-at="2023-12-15T01:40:17 IST" finished-at="2023-12-15T01:41:36 IST">
      <class name="com.leaftaps.testcases.DeleteIndividuals">
        <test-method status="PASS" signature="setValue()[pri:0, instance:com.leaftaps.testcases.DeleteIndividuals@33b37288]" name="setValue" is-config="true" duration-ms="0" started-at="2023-12-15T01:40:17 IST" finished-at="2023-12-15T01:40:17 IST">
          <reporter-output>
          </reporter-output>
        </test-method> <!-- setValue -->
        <test-method status="PASS" signature="setUpClass()[pri:0, instance:com.leaftaps.testcases.DeleteIndividuals@33b37288]" name="setUpClass" is-config="true" duration-ms="131" started-at="2023-12-15T01:40:17 IST" finished-at="2023-12-15T01:40:18 IST">
          <reporter-output>
          </reporter-output>
        </test-method> <!-- setUpClass -->
        <test-method status="PASS" signature="startTestCase()[pri:0, instance:com.leaftaps.testcases.DeleteIndividuals@33b37288]" name="startTestCase" is-config="true" duration-ms="7" started-at="2023-12-15T01:40:18 IST" finished-at="2023-12-15T01:40:18 IST">
          <reporter-output>
          </reporter-output>
        </test-method> <!-- startTestCase -->
        <test-method status="PASS" signature="preCondition()[pri:0, instance:com.leaftaps.testcases.DeleteIndividuals@33b37288]" name="preCondition" is-config="true" duration-ms="5253" started-at="2023-12-15T01:40:18 IST" finished-at="2023-12-15T01:40:23 IST">
          <reporter-output>
          </reporter-output>
        </test-method> <!-- preCondition -->
        <test-method status="FAIL" signature="DeleteIndividuals(java.lang.String)[pri:0, instance:com.leaftaps.testcases.DeleteIndividuals@33b37288]" name="DeleteIndividuals" duration-ms="14338" started-at="2023-12-15T01:40:23 IST" data-provider="passdata" finished-at="2023-12-15T01:40:38 IST">
          <params>
            <param index="0">
              <value>
                <![CDATA[Ganesan]]>
              </value>
            </param>
          </params>
          <exception class="org.openqa.selenium.StaleElementReferenceException">
            <message>
              <![CDATA[stale element reference: stale element not found
  (Session info: chrome=120.0.6099.72)
For documentation on this error, please visit: https://www.selenium.dev/documentation/webdriver/troubleshooting/errors#stale-element-reference-exception
Build info: version: '4.13.0', revision: 'ba948ece5b*'
System info: os.name: 'Windows 10', os.arch: 'amd64', os.version: '10.0', java.version: '1.8.0_271'
Driver info: org.openqa.selenium.chrome.ChromeDriver
Command: [4516ad756806c93c895b317a4ed22bb9, clickElement {id=32C9358AB05AD89029439507E23DCCE6_element_59}]
Capabilities {acceptInsecureCerts: false, browserName: chrome, browserVersion: 120.0.6099.72, chrome: {chromedriverVersion: 120.0.6099.71 (9729082fe617..., userDataDir: C:\Users\ASUS\AppData\Local...}, fedcm:accounts: true, goog:chromeOptions: {debuggerAddress: localhost:63658}, networkConnectionEnabled: false, pageLoadStrategy: normal, platformName: windows, proxy: Proxy(), se:cdp: ws://localhost:63658/devtoo..., se:cdpVersion: 120.0.6099.72, setWindowRect: true, strictFileInteractability: false, timeouts: {implicit: 0, pageLoad: 300000, script: 30000}, unhandledPromptBehavior: dismiss and notify, webauthn:extension:credBlob: true, webauthn:extension:largeBlob: true, webauthn:extension:minPinLength: true, webauthn:extension:prf: true, webauthn:virtualAuthenticators: true}
Element: [[ChromeDriver: chrome on windows (4516ad756806c93c895b317a4ed22bb9)] -> xpath: //button[text()='View All']]
Session ID: 4516ad756806c93c895b317a4ed22bb9]]>
            </message>
            <full-stacktrace>
              <![CDATA[org.openqa.selenium.StaleElementReferenceException: stale element reference: stale element not found
  (Session info: chrome=120.0.6099.72)
For documentation on this error, please visit: https://www.selenium.dev/documentation/webdriver/troubleshooting/errors#stale-element-reference-exception
Build info: version: '4.13.0', revision: 'ba948ece5b*'
System info: os.name: 'Windows 10', os.arch: 'amd64', os.version: '10.0', java.version: '1.8.0_271'
Driver info: org.openqa.selenium.chrome.ChromeDriver
Command: [4516ad756806c93c895b317a4ed22bb9, clickElement {id=32C9358AB05AD89029439507E23DCCE6_element_59}]
Capabilities {acceptInsecureCerts: false, browserName: chrome, browserVersion: 120.0.6099.72, chrome: {chromedriverVersion: 120.0.6099.71 (9729082fe617..., userDataDir: C:\Users\ASUS\AppData\Local...}, fedcm:accounts: true, goog:chromeOptions: {debuggerAddress: localhost:63658}, networkConnectionEnabled: false, pageLoadStrategy: normal, platformName: windows, proxy: Proxy(), se:cdp: ws://localhost:63658/devtoo..., se:cdpVersion: 120.0.6099.72, setWindowRect: true, strictFileInteractability: false, timeouts: {implicit: 0, pageLoad: 300000, script: 30000}, unhandledPromptBehavior: dismiss and notify, webauthn:extension:credBlob: true, webauthn:extension:largeBlob: true, webauthn:extension:minPinLength: true, webauthn:extension:prf: true, webauthn:virtualAuthenticators: true}
Element: [[ChromeDriver: chrome on windows (4516ad756806c93c895b317a4ed22bb9)] -> xpath: //button[text()='View All']]
Session ID: 4516ad756806c93c895b317a4ed22bb9
at sun.reflect.NativeConstructorAccessorImpl.newInstance0(Native Method)
at sun.reflect.NativeConstructorAccessorImpl.newInstance(NativeConstructorAccessorImpl.java:62)
at sun.reflect.DelegatingConstructorAccessorImpl.newInstance(DelegatingConstructorAccessorImpl.java:45)
at java.lang.reflect.Constructor.newInstance(Constructor.java:423)
at org.openqa.selenium.remote.codec.w3c.W3CHttpResponseCodec.createException(W3CHttpResponseCodec.java:200)
at org.openqa.selenium.remote.codec.w3c.W3CHttpResponseCodec.decode(W3CHttpResponseCodec.java:133)
at org.openqa.selenium.remote.codec.w3c.W3CHttpResponseCodec.decode(W3CHttpResponseCodec.java:52)
at org.openqa.selenium.remote.HttpCommandExecutor.execute(HttpCommandExecutor.java:191)
at org.openqa.selenium.remote.service.DriverCommandExecutor.invokeExecute(DriverCommandExecutor.java:196)
at org.openqa.selenium.remote.service.DriverCommandExecutor.execute(DriverCommandExecutor.java:171)
at org.openqa.selenium.remote.RemoteWebDriver.execute(RemoteWebDriver.java:602)
at org.openqa.selenium.remote.RemoteWebElement.execute(RemoteWebElement.java:224)
at org.openqa.selenium.remote.RemoteWebElement.click(RemoteWebElement.java:77)
at com.leaftaps.pages.HomePage.ClickIndividuals(HomePage.java:21)
at com.leaftaps.testcases.DeleteIndividuals.DeleteIndividuals(DeleteIndividuals.java:42)
at sun.reflect.NativeMethodAccessorImpl.invoke0(Native Method)
at sun.reflect.NativeMethodAccessorImpl.invoke(NativeMethodAccessorImpl.java:62)
at sun.reflect.DelegatingMethodAccessorImpl.invoke(DelegatingMethodAccessorImpl.java:43)
at java.lang.reflect.Method.invoke(Method.java:498)
at org.testng.internal.MethodInvocationHelper.invokeMethod(MethodInvocationHelper.java:133)
at org.testng.internal.TestInvoker.invokeMethod(TestInvoker.java:598)
at org.testng.internal.TestInvoker.invokeTestMethod(TestInvoker.java:173)
at org.testng.internal.MethodRunner.runInSequence(MethodRunner.java:46)
at org.testng.internal.TestInvoker$MethodInvocationAgent.invoke(TestInvoker.java:824)
at org.testng.internal.TestInvoker.invokeTestMethods(TestInvoker.java:146)
at org.testng.internal.TestMethodWorker.invokeTestMethods(TestMethodWorker.java:146)
at org.testng.internal.TestMethodWorker.run(TestMethodWorker.java:128)
at java.util.concurrent.ThreadPoolExecutor.runWorker(ThreadPoolExecutor.java:1149)
at java.util.concurrent.ThreadPoolExecutor$Worker.run(ThreadPoolExecutor.java:624)
at java.lang.Thread.run(Thread.java:748)
]]>
            </full-stacktrace>
          </exception> <!-- org.openqa.selenium.StaleElementReferenceException -->
          <reporter-output>
          </reporter-output>
        </test-method> <!-- DeleteIndividuals -->
        <test-method status="PASS" signature="postCondition()[pri:0, instance:com.leaftaps.testcases.DeleteIndividuals@33b37288]" name="postCondition" is-config="true" duration-ms="200" started-at="2023-12-15T01:40:38 IST" finished-at="2023-12-15T01:40:38 IST">
          <reporter-output>
          </reporter-output>
        </test-method> <!-- postCondition -->
        <test-method status="PASS" signature="preCondition()[pri:0, instance:com.leaftaps.testcases.DeleteIndividuals@33b37288]" name="preCondition" is-config="true" duration-ms="4289" started-at="2023-12-15T01:40:38 IST" finished-at="2023-12-15T01:40:42 IST">
          <reporter-output>
          </reporter-output>
        </test-method> <!-- preCondition -->
        <test-method status="PASS" signature="DeleteIndividuals(java.lang.String)[pri:0, instance:com.leaftaps.testcases.DeleteIndividuals@33b37288]" name="DeleteIndividuals" duration-ms="24573" started-at="2023-12-15T01:40:42 IST" data-provider="passdata" finished-at="2023-12-15T01:41:07 IST">
          <params>
            <param index="0">
              <value>
                <![CDATA[kumar]]>
              </value>
            </param>
          </params>
          <reporter-output>
          </reporter-output>
        </test-method> <!-- DeleteIndividuals -->
        <test-method status="PASS" signature="postCondition()[pri:0, instance:com.leaftaps.testcases.DeleteIndividuals@33b37288]" name="postCondition" is-config="true" duration-ms="262" started-at="2023-12-15T01:41:07 IST" finished-at="2023-12-15T01:41:07 IST">
          <reporter-output>
          </reporter-output>
        </test-method> <!-- postCondition -->
        <test-method status="PASS" signature="preCondition()[pri:0, instance:com.leaftaps.testcases.DeleteIndividuals@33b37288]" name="preCondition" is-config="true" duration-ms="2612" started-at="2023-12-15T01:41:07 IST" finished-at="2023-12-15T01:41:10 IST">
          <reporter-output>
          </reporter-output>
        </test-method> <!-- preCondition -->
        <test-method status="PASS" signature="DeleteIndividuals(java.lang.String)[pri:0, instance:com.leaftaps.testcases.DeleteIndividuals@33b37288]" name="DeleteIndividuals" duration-ms="25758" started-at="2023-12-15T01:41:10 IST" data-provider="passdata" finished-at="2023-12-15T01:41:36 IST">
          <params>
            <param index="0">
              <value>
                <![CDATA[Aarthy]]>
              </value>
            </param>
          </params>
          <reporter-output>
          </reporter-output>
        </test-method> <!-- DeleteIndividuals -->
        <test-method status="PASS" signature="postCondition()[pri:0, instance:com.leaftaps.testcases.DeleteIndividuals@33b37288]" name="postCondition" is-config="true" duration-ms="155" started-at="2023-12-15T01:41:36 IST" finished-at="2023-12-15T01:41:36 IST">
          <reporter-output>
          </reporter-output>
        </test-method> <!-- postCondition -->
        <test-method status="PASS" signature="tearDownClass()[pri:0, instance:com.leaftaps.testcases.DeleteIndividuals@33b37288]" name="tearDownClass" is-config="true" duration-ms="0" started-at="2023-12-15T01:41:36 IST" finished-at="2023-12-15T01:41:36 IST">
          <reporter-output>
          </reporter-output>
        </test-method> <!-- tearDownClass -->
      </class> <!-- com.leaftaps.testcases.DeleteIndividuals -->
      <class name="com.leaftaps.testcases.EditIndividuals">
        <test-method status="PASS" signature="setValue()[pri:0, instance:com.leaftaps.testcases.EditIndividuals@588df31b]" name="setValue" is-config="true" duration-ms="0" started-at="2023-12-15T01:40:17 IST" finished-at="2023-12-15T01:40:17 IST">
          <reporter-output>
          </reporter-output>
        </test-method> <!-- setValue -->
        <test-method status="PASS" signature="setUpClass()[pri:0, instance:com.leaftaps.testcases.EditIndividuals@588df31b]" name="setUpClass" is-config="true" duration-ms="131" started-at="2023-12-15T01:40:17 IST" finished-at="2023-12-15T01:40:18 IST">
          <reporter-output>
          </reporter-output>
        </test-method> <!-- setUpClass -->
        <test-method status="PASS" signature="startTestCase()[pri:0, instance:com.leaftaps.testcases.EditIndividuals@588df31b]" name="startTestCase" is-config="true" duration-ms="7" started-at="2023-12-15T01:40:18 IST" finished-at="2023-12-15T01:40:18 IST">
          <reporter-output>
          </reporter-output>
        </test-method> <!-- startTestCase -->
        <test-method status="PASS" signature="preCondition()[pri:0, instance:com.leaftaps.testcases.EditIndividuals@588df31b]" name="preCondition" is-config="true" duration-ms="5223" started-at="2023-12-15T01:40:18 IST" finished-at="2023-12-15T01:40:23 IST">
          <reporter-output>
          </reporter-output>
        </test-method> <!-- preCondition -->
        <test-method status="PASS" signature="EditIndividuals(java.lang.String,java.lang.String)[pri:0, instance:com.leaftaps.testcases.EditIndividuals@588df31b]" name="EditIndividuals" duration-ms="32821" started-at="2023-12-15T01:40:23 IST" data-provider="passdata" finished-at="2023-12-15T01:40:56 IST">
          <params>
            <param index="0">
              <value>
                <![CDATA[kumar]]>
              </value>
            </param>
            <param index="1">
              <value>
                <![CDATA[Sangeetha]]>
              </value>
            </param>
          </params>
          <reporter-output>
          </reporter-output>
        </test-method> <!-- EditIndividuals -->
        <test-method status="PASS" signature="postCondition()[pri:0, instance:com.leaftaps.testcases.EditIndividuals@588df31b]" name="postCondition" is-config="true" duration-ms="115" started-at="2023-12-15T01:40:56 IST" finished-at="2023-12-15T01:40:56 IST">
          <reporter-output>
          </reporter-output>
        </test-method> <!-- postCondition -->
        <test-method status="PASS" signature="preCondition()[pri:0, instance:com.leaftaps.testcases.EditIndividuals@588df31b]" name="preCondition" is-config="true" duration-ms="2733" started-at="2023-12-15T01:40:56 IST" finished-at="2023-12-15T01:40:59 IST">
          <reporter-output>
          </reporter-output>
        </test-method> <!-- preCondition -->
        <test-method status="PASS" signature="EditIndividuals(java.lang.String,java.lang.String)[pri:0, instance:com.leaftaps.testcases.EditIndividuals@588df31b]" name="EditIndividuals" duration-ms="30966" started-at="2023-12-15T01:40:59 IST" data-provider="passdata" finished-at="2023-12-15T01:41:30 IST">
          <params>
            <param index="0">
              <value>
                <![CDATA[sanya]]>
              </value>
            </param>
            <param index="1">
              <value>
                <![CDATA[Sangeetha]]>
              </value>
            </param>
          </params>
          <reporter-output>
          </reporter-output>
        </test-method> <!-- EditIndividuals -->
        <test-method status="PASS" signature="postCondition()[pri:0, instance:com.leaftaps.testcases.EditIndividuals@588df31b]" name="postCondition" is-config="true" duration-ms="149" started-at="2023-12-15T01:41:30 IST" finished-at="2023-12-15T01:41:30 IST">
          <reporter-output>
          </reporter-output>
        </test-method> <!-- postCondition -->
        <test-method status="PASS" signature="tearDownClass()[pri:0, instance:com.leaftaps.testcases.EditIndividuals@588df31b]" name="tearDownClass" is-config="true" duration-ms="9" started-at="2023-12-15T01:41:30 IST" finished-at="2023-12-15T01:41:30 IST">
          <reporter-output>
          </reporter-output>
        </test-method> <!-- tearDownClass -->
      </class> <!-- com.leaftaps.testcases.EditIndividuals -->
      <class name="com.leaftaps.testcases.CreateIndividuals">
        <test-method status="PASS" signature="startReport()[pri:0, instance:com.leaftaps.testcases.CreateIndividuals@130f889]" name="startReport" is-config="true" duration-ms="114" started-at="2023-12-15T01:40:17 IST" finished-at="2023-12-15T01:40:17 IST">
          <reporter-output>
          </reporter-output>
        </test-method> <!-- startReport -->
        <test-method status="PASS" signature="setValue()[pri:0, instance:com.leaftaps.testcases.CreateIndividuals@130f889]" name="setValue" is-config="true" duration-ms="0" started-at="2023-12-15T01:40:17 IST" finished-at="2023-12-15T01:40:17 IST">
          <reporter-output>
          </reporter-output>
        </test-method> <!-- setValue -->
        <test-method status="PASS" signature="setUpClass()[pri:0, instance:com.leaftaps.testcases.CreateIndividuals@130f889]" name="setUpClass" is-config="true" duration-ms="131" started-at="2023-12-15T01:40:17 IST" finished-at="2023-12-15T01:40:18 IST">
          <reporter-output>
          </reporter-output>
        </test-method> <!-- setUpClass -->
        <test-method status="PASS" signature="startTestCase()[pri:0, instance:com.leaftaps.testcases.CreateIndividuals@130f889]" name="startTestCase" is-config="true" duration-ms="7" started-at="2023-12-15T01:40:18 IST" finished-at="2023-12-15T01:40:18 IST">
          <reporter-output>
          </reporter-output>
        </test-method> <!-- startTestCase -->
        <test-method status="PASS" signature="preCondition()[pri:0, instance:com.leaftaps.testcases.CreateIndividuals@130f889]" name="preCondition" is-config="true" duration-ms="5160" started-at="2023-12-15T01:40:18 IST" finished-at="2023-12-15T01:40:23 IST">
          <reporter-output>
          </reporter-output>
        </test-method> <!-- preCondition -->
        <test-method status="PASS" signature="CreateIndividuals(java.lang.String,java.lang.String)[pri:0, instance:com.leaftaps.testcases.CreateIndividuals@130f889]" name="CreateIndividuals" duration-ms="25570" started-at="2023-12-15T01:40:23 IST" data-provider="passdata" finished-at="2023-12-15T01:40:49 IST">
          <params>
            <param index="0">
              <value>
                <![CDATA[Sangeetha]]>
              </value>
            </param>
            <param index="1">
              <value>
                <![CDATA[Ganesan]]>
              </value>
            </param>
          </params>
          <reporter-output>
          </reporter-output>
        </test-method> <!-- CreateIndividuals -->
        <test-method status="PASS" signature="postCondition()[pri:0, instance:com.leaftaps.testcases.CreateIndividuals@130f889]" name="postCondition" is-config="true" duration-ms="146" started-at="2023-12-15T01:40:49 IST" finished-at="2023-12-15T01:40:49 IST">
          <reporter-output>
          </reporter-output>
        </test-method> <!-- postCondition -->
        <test-method status="PASS" signature="preCondition()[pri:0, instance:com.leaftaps.testcases.CreateIndividuals@130f889]" name="preCondition" is-config="true" duration-ms="3568" started-at="2023-12-15T01:40:49 IST" finished-at="2023-12-15T01:40:53 IST">
          <reporter-output>
          </reporter-output>
        </test-method> <!-- preCondition -->
        <test-method status="PASS" signature="CreateIndividuals(java.lang.String,java.lang.String)[pri:0, instance:com.leaftaps.testcases.CreateIndividuals@130f889]" name="CreateIndividuals" duration-ms="17861" started-at="2023-12-15T01:40:53 IST" data-provider="passdata" finished-at="2023-12-15T01:41:11 IST">
          <params>
            <param index="0">
              <value>
                <![CDATA[Senthil]]>
              </value>
            </param>
            <param index="1">
              <value>
                <![CDATA[Kumar]]>
              </value>
            </param>
          </params>
          <reporter-output>
          </reporter-output>
        </test-method> <!-- CreateIndividuals -->
        <test-method status="PASS" signature="postCondition()[pri:0, instance:com.leaftaps.testcases.CreateIndividuals@130f889]" name="postCondition" is-config="true" duration-ms="188" started-at="2023-12-15T01:41:11 IST" finished-at="2023-12-15T01:41:11 IST">
          <reporter-output>
          </reporter-output>
        </test-method> <!-- postCondition -->
        <test-method status="PASS" signature="preCondition()[pri:0, instance:com.leaftaps.testcases.CreateIndividuals@130f889]" name="preCondition" is-config="true" duration-ms="2829" started-at="2023-12-15T01:41:11 IST" finished-at="2023-12-15T01:41:14 IST">
          <reporter-output>
          </reporter-output>
        </test-method> <!-- preCondition -->
        <test-method status="PASS" signature="CreateIndividuals(java.lang.String,java.lang.String)[pri:0, instance:com.leaftaps.testcases.CreateIndividuals@130f889]" name="CreateIndividuals" duration-ms="21500" started-at="2023-12-15T01:41:14 IST" data-provider="passdata" finished-at="2023-12-15T01:41:35 IST">
          <params>
            <param index="0">
              <value>
                <![CDATA[yuvi]]>
              </value>
            </param>
            <param index="1">
              <value>
                <![CDATA[Sanya]]>
              </value>
            </param>
          </params>
          <reporter-output>
          </reporter-output>
        </test-method> <!-- CreateIndividuals -->
        <test-method status="PASS" signature="postCondition()[pri:0, instance:com.leaftaps.testcases.CreateIndividuals@130f889]" name="postCondition" is-config="true" duration-ms="131" started-at="2023-12-15T01:41:35 IST" finished-at="2023-12-15T01:41:35 IST">
          <reporter-output>
          </reporter-output>
        </test-method> <!-- postCondition -->
        <test-method status="PASS" signature="tearDownClass()[pri:0, instance:com.leaftaps.testcases.CreateIndividuals@130f889]" name="tearDownClass" is-config="true" duration-ms="0" started-at="2023-12-15T01:41:35 IST" finished-at="2023-12-15T01:41:35 IST">
          <reporter-output>
          </reporter-output>
        </test-method> <!-- tearDownClass -->
        <test-method status="PASS" signature="endResult()[pri:0, instance:com.leaftaps.testcases.CreateIndividuals@130f889]" name="endResult" is-config="true" duration-ms="439" started-at="2023-12-15T01:41:36 IST" finished-at="2023-12-15T01:41:36 IST">
          <reporter-output>
          </reporter-output>
        </test-method> <!-- endResult -->
      </class> <!-- com.leaftaps.testcases.CreateIndividuals -->
    </test> <!-- Test -->
  </suite> <!-- Suite -->
</testng-results>
