<?xml version="1.0" encoding="UTF-8"?>
<!-- Generated by org.testng.reporters.JUnitXMLReporter -->
<testsuite hostname="DESKTOP-0481BMV" ignored="0" name="Default test" tests="3" failures="0" timestamp="2023-12-15T01:38:10 IST" time="72.783" errors="0">
  <testcase name="CreateIndividuals" time="22.472" classname="com.leaftaps.testcases.CreateIndividuals"/>
  <testcase name="CreateIndividuals" time="18.165" classname="com.leaftaps.testcases.CreateIndividuals"/>
  <testcase name="CreateIndividuals" time="18.856" classname="com.leaftaps.testcases.CreateIndividuals"/>
</testsuite> <!-- Default test -->
