<?xml version="1.0" encoding="UTF-8"?>
<testng-results ignored="0" total="4" passed="4" failed="0" skipped="0">
  <reporter-output>
  </reporter-output>
  <suite started-at="2024-03-02T18:35:03 IST" name="Default suite" finished-at="2024-03-02T18:36:59 IST" duration-ms="116145">
    <groups>
      <group name="cucumber">
        <method signature="AbstractTestNGCucumberTests.runScenario(io.cucumber.testng.PickleWrapper,io.cucumber.testng.FeatureWrapper)[pri:0, instance:runner.CucumberRunner@1e6a3214]" name="runScenario" class="io.cucumber.testng.AbstractTestNGCucumberTests"/>
      </group> <!-- cucumber -->
    </groups>
    <test started-at="2024-03-02T18:35:03 IST" name="Default test" finished-at="2024-03-02T18:36:59 IST" duration-ms="116145">
      <class name="runner.CucumberRunner">
        <test-method is-config="true" signature="setUpClass(org.testng.ITestContext)[pri:0, instance:runner.CucumberRunner@1e6a3214]" started-at="2024-03-02T18:35:03 IST" name="setUpClass" finished-at="2024-03-02T18:35:03 IST" duration-ms="737" status="PASS">
          <params>
            <param index="0">
              <value>
                <![CDATA[org.testng.TestRunner@615efd1c]]>
              </value>
            </param>
          </params>
          <reporter-output>
          </reporter-output>
        </test-method> <!-- setUpClass -->
        <test-method signature="runScenario(io.cucumber.testng.PickleWrapper,io.cucumber.testng.FeatureWrapper)[pri:0, instance:runner.CucumberRunner@1e6a3214]" started-at="2024-03-02T18:35:03 IST" name="runScenario" description="Runs Cucumber Scenarios" data-provider="scenarios" finished-at="2024-03-02T18:35:58 IST" duration-ms="54647" status="PASS">
          <params>
            <param index="0">
              <value>
                <![CDATA["Create Lead with multiple data"]]>
              </value>
            </param>
            <param index="1">
              <value>
                <![CDATA["Login leaftap application"]]>
              </value>
            </param>
          </params>
          <reporter-output>
          </reporter-output>
        </test-method> <!-- runScenario -->
        <test-method signature="runScenario(io.cucumber.testng.PickleWrapper,io.cucumber.testng.FeatureWrapper)[pri:0, instance:runner.CucumberRunner@1e6a3214]" started-at="2024-03-02T18:35:58 IST" name="runScenario" description="Runs Cucumber Scenarios" data-provider="scenarios" finished-at="2024-03-02T18:36:39 IST" duration-ms="41165" status="PASS">
          <params>
            <param index="0">
              <value>
                <![CDATA["Create Lead with multiple data"]]>
              </value>
            </param>
            <param index="1">
              <value>
                <![CDATA["Login leaftap application"]]>
              </value>
            </param>
          </params>
          <reporter-output>
          </reporter-output>
        </test-method> <!-- runScenario -->
        <test-method signature="runScenario(io.cucumber.testng.PickleWrapper,io.cucumber.testng.FeatureWrapper)[pri:0, instance:runner.CucumberRunner@1e6a3214]" started-at="2024-03-02T18:36:39 IST" name="runScenario" description="Runs Cucumber Scenarios" data-provider="scenarios" finished-at="2024-03-02T18:36:47 IST" duration-ms="8330" status="PASS">
          <params>
            <param index="0">
              <value>
                <![CDATA["Login with positive credentials"]]>
              </value>
            </param>
            <param index="1">
              <value>
                <![CDATA["Login leaftap application"]]>
              </value>
            </param>
          </params>
          <reporter-output>
          </reporter-output>
        </test-method> <!-- runScenario -->
        <test-method signature="runScenario(io.cucumber.testng.PickleWrapper,io.cucumber.testng.FeatureWrapper)[pri:0, instance:runner.CucumberRunner@1e6a3214]" started-at="2024-03-02T18:36:47 IST" name="runScenario" description="Runs Cucumber Scenarios" data-provider="scenarios" finished-at="2024-03-02T18:36:55 IST" duration-ms="7127" status="PASS">
          <params>
            <param index="0">
              <value>
                <![CDATA["Login with incorrect Credentials"]]>
              </value>
            </param>
            <param index="1">
              <value>
                <![CDATA["Login leaftap application"]]>
              </value>
            </param>
          </params>
          <reporter-output>
          </reporter-output>
        </test-method> <!-- runScenario -->
        <test-method is-config="true" signature="tearDownClass()[pri:0, instance:runner.CucumberRunner@1e6a3214]" started-at="2024-03-02T18:36:55 IST" name="tearDownClass" finished-at="2024-03-02T18:36:59 IST" duration-ms="4093" status="PASS">
          <reporter-output>
          </reporter-output>
        </test-method> <!-- tearDownClass -->
      </class> <!-- runner.CucumberRunner -->
    </test> <!-- Default test -->
  </suite> <!-- Default suite -->
</testng-results>
