<?xml version="1.0" encoding="UTF-8"?>
<testng-results skipped="0" failed="0" ignored="0" total="2" passed="2">
  <reporter-output>
  </reporter-output>
  <suite name="Leads" duration-ms="16343" started-at="2023-12-06T18:07:38 IST" finished-at="2023-12-06T18:07:55 IST">
    <groups>
    </groups>
    <test name="Create Lead" duration-ms="16343" started-at="2023-12-06T18:07:38 IST" finished-at="2023-12-06T18:07:55 IST">
      <class name="testCases.RunnerLogin">
        <test-method status="PASS" signature="setValues()[pri:0, instance:testCases.RunnerLogin@954b04f]" name="setValues" is-config="true" duration-ms="13" started-at="2023-12-06T18:07:38 IST" finished-at="2023-12-06T18:07:38 IST">
          <reporter-output>
          </reporter-output>
        </test-method> <!-- setValues -->
        <test-method status="PASS" signature="preCondition()[pri:0, instance:testCases.RunnerLogin@954b04f]" name="preCondition" is-config="true" duration-ms="6043" started-at="2023-12-06T18:07:40 IST" finished-at="2023-12-06T18:07:46 IST">
          <reporter-output>
          </reporter-output>
        </test-method> <!-- preCondition -->
        <test-method status="PASS" signature="runLoginTestcase(java.lang.String,java.lang.String)[pri:0, instance:testCases.RunnerLogin@954b04f]" name="runLoginTestcase" duration-ms="3220" started-at="2023-12-06T18:07:46 IST" data-provider="Data" finished-at="2023-12-06T18:07:49 IST">
          <params>
            <param index="0">
              <value>
                <![CDATA[Demosalesmanager]]>
              </value>
            </param>
            <param index="1">
              <value>
                <![CDATA[crmsfa]]>
              </value>
            </param>
          </params>
          <reporter-output>
          </reporter-output>
        </test-method> <!-- runLoginTestcase -->
        <test-method status="PASS" signature="postCondition()[pri:0, instance:testCases.RunnerLogin@954b04f]" name="postCondition" is-config="true" duration-ms="180" started-at="2023-12-06T18:07:49 IST" finished-at="2023-12-06T18:07:49 IST">
          <reporter-output>
          </reporter-output>
        </test-method> <!-- postCondition -->
        <test-method status="PASS" signature="preCondition()[pri:0, instance:testCases.RunnerLogin@954b04f]" name="preCondition" is-config="true" duration-ms="2795" started-at="2023-12-06T18:07:49 IST" finished-at="2023-12-06T18:07:52 IST">
          <reporter-output>
          </reporter-output>
        </test-method> <!-- preCondition -->
        <test-method status="PASS" signature="runLoginTestcase(java.lang.String,java.lang.String)[pri:0, instance:testCases.RunnerLogin@954b04f]" name="runLoginTestcase" duration-ms="2682" started-at="2023-12-06T18:07:52 IST" data-provider="Data" finished-at="2023-12-06T18:07:55 IST">
          <params>
            <param index="0">
              <value>
                <![CDATA[DemoCSR]]>
              </value>
            </param>
            <param index="1">
              <value>
                <![CDATA[crmsfa]]>
              </value>
            </param>
          </params>
          <reporter-output>
          </reporter-output>
        </test-method> <!-- runLoginTestcase -->
        <test-method status="PASS" signature="postCondition()[pri:0, instance:testCases.RunnerLogin@954b04f]" name="postCondition" is-config="true" duration-ms="143" started-at="2023-12-06T18:07:55 IST" finished-at="2023-12-06T18:07:55 IST">
          <reporter-output>
          </reporter-output>
        </test-method> <!-- postCondition -->
      </class> <!-- testCases.RunnerLogin -->
    </test> <!-- Create Lead -->
  </suite> <!-- Leads -->
</testng-results>
